Enter number of days to run: 7
~~~~~~~~~~~~~~~~~ Day 1 ~~~~~~~~~~~~~~~~~
Zane the Zoo Keeper arrives at the zoo on day 1.
Zane the Zoo Keeper wakes up the animals they are responsible for.
Zane the Zoo Keeper wakes up Charlie the Cat.
Charlie the Cat wakes up.
Zane the Zoo Keeper wakes up Chloe the Cat.
Chloe the Cat wakes up.
Zane the Zoo Keeper wakes up Daniel the Dog.
Daniel the Dog wakes up.
Zane the Zoo Keeper wakes up Dustin the Dog.
Dustin the Dog wakes up.
Zane the Zoo Keeper wakes up Ellen the Elephant.
Ellen the Elephant wakes up.
Zane the Zoo Keeper wakes up Eliana the Elephant.
Eliana the Elephant wakes up.
Zane the Zoo Keeper wakes up Hank the Hippo.
Hank the Hippo wakes up.
Zane the Zoo Keeper wakes up Heather the Hippo.
Heather the Hippo wakes up.
Zane the Zoo Keeper wakes up Lilly the Lion.
Lilly the Lion wakes up.
Zane the Zoo Keeper wakes up Larry the Lion.
Larry the Lion wakes up.
Zane the Zoo Keeper wakes up Tony the Tiger.
Tony the Tiger wakes up.
Zane the Zoo Keeper wakes up Tiffany the Tiger.
Tiffany the Tiger wakes up.
Zane the Zoo Keeper wakes up Ralphie the Rhino.
Ralphie the Rhino wakes up.
Zane the Zoo Keeper wakes up Rahil the Rhino.
Rahil the Rhino wakes up.
Zane the Zoo Keeper wakes up Walter the Wolf.
Walter the Wolf wakes up.
Zane the Zoo Keeper wakes up Wendy the Wolf.
Wendy the Wolf wakes up.
Zane the Zoo Keeper wakes up Benjamin the Buffalo.
Benjamin the Buffalo wakes up.
Zane the Zoo Keeper wakes up Brian the Buffalo.
Brian the Buffalo wakes up.
Zane the Zoo Keeper wakes up Yasmeen the Yak.
Yasmeen the Yak wakes up.
Zane the Zoo Keeper wakes up Yolanda the Yak.
Yolanda the Yak wakes up.
Zane the Zoo Keeper roll calls the animals they are responsible for.
Zane the Zoo Keeper roll calls Charlie the Cat.
Charlie the Cat purrrrs.
Zane the Zoo Keeper roll calls Chloe the Cat.
Chloe the Cat purrrrs.
Zane the Zoo Keeper roll calls Daniel the Dog.
Daniel the Dog woof.
Zane the Zoo Keeper roll calls Dustin the Dog.
Dustin the Dog woof.
Zane the Zoo Keeper roll calls Ellen the Elephant.
Ellen the Elephant Elllll.
Zane the Zoo Keeper roll calls Eliana the Elephant.
Eliana the Elephant Elllll.
Zane the Zoo Keeper roll calls Hank the Hippo.
Hank the Hippo Hipppp.
Zane the Zoo Keeper roll calls Heather the Hippo.
Heather the Hippo Hipppp.
Zane the Zoo Keeper roll calls Lilly the Lion.
Lilly the Lion roars.
Zane the Zoo Keeper roll calls Larry the Lion.
Larry the Lion roars.
Zane the Zoo Keeper roll calls Tony the Tiger.
Tony the Tiger chuffs.
Zane the Zoo Keeper roll calls Tiffany the Tiger.
Tiffany the Tiger chuffs.
Zane the Zoo Keeper roll calls Ralphie the Rhino.
Ralphie the Rhino Rhiiiii.
Zane the Zoo Keeper roll calls Rahil the Rhino.
Rahil the Rhino Rhiiiii.
Zane the Zoo Keeper roll calls Walter the Wolf.
Walter the Wolf awoo.
Zane the Zoo Keeper roll calls Wendy the Wolf.
Wendy the Wolf awoo.
Zane the Zoo Keeper roll calls Benjamin the Buffalo.
Benjamin the Buffalo buff.
Zane the Zoo Keeper roll calls Brian the Buffalo.
Brian the Buffalo buff.
Zane the Zoo Keeper roll calls Yasmeen the Yak.
Yasmeen the Yak yak.
Zane the Zoo Keeper roll calls Yolanda the Yak.
Yolanda the Yak yak.
Zane the Zoo Keeper feeds the animals they are responsible for.
Zane the Zoo Keeper feeds Charlie the Cat.
Charlie the Cat eats.
Zane the Zoo Keeper feeds Chloe the Cat.
Chloe the Cat eats.
Zane the Zoo Keeper feeds Daniel the Dog.
Daniel the Dog scarfs down its food.
Zane the Zoo Keeper feeds Dustin the Dog.
Dustin the Dog scarfs down its food.
Zane the Zoo Keeper feeds Ellen the Elephant.
Ellen the Elephant eats.
Zane the Zoo Keeper feeds Eliana the Elephant.
Eliana the Elephant eats.
Zane the Zoo Keeper feeds Hank the Hippo.
Hank the Hippo eats.
Zane the Zoo Keeper feeds Heather the Hippo.
Heather the Hippo eats.
Zane the Zoo Keeper feeds Lilly the Lion.
Lilly the Lion eats.
Zane the Zoo Keeper feeds Larry the Lion.
Larry the Lion eats.
Zane the Zoo Keeper feeds Tony the Tiger.
Tony the Tiger eats.
Zane the Zoo Keeper feeds Tiffany the Tiger.
Tiffany the Tiger eats.
Zane the Zoo Keeper feeds Ralphie the Rhino.
Ralphie the Rhino eats.
Zane the Zoo Keeper feeds Rahil the Rhino.
Rahil the Rhino eats.
Zane the Zoo Keeper feeds Walter the Wolf.
Walter the Wolf scarfs down its food.
Zane the Zoo Keeper feeds Wendy the Wolf.
Wendy the Wolf scarfs down its food.
Zane the Zoo Keeper feeds Benjamin the Buffalo.
Benjamin the Buffalo eats.
Zane the Zoo Keeper feeds Brian the Buffalo.
Brian the Buffalo eats.
Zane the Zoo Keeper feeds Yasmeen the Yak.
Yasmeen the Yak eats.
Zane the Zoo Keeper feeds Yolanda the Yak.
Yolanda the Yak eats.
Zane the Zoo Keeper exercises the animals they are responsible for.
Zane the Zoo Keeper exercises Charlie the Cat.
Charlie the Cat roams.
Zane the Zoo Keeper exercises Chloe the Cat.
Chloe the Cat roams.
Zane the Zoo Keeper exercises Daniel the Dog.
Daniel the Dog roams.
Zane the Zoo Keeper exercises Dustin the Dog.
Dustin the Dog roams.
Zane the Zoo Keeper exercises Ellen the Elephant.
Ellen the Elephant charges.
Zane the Zoo Keeper exercises Eliana the Elephant.
Eliana the Elephant roams.
Zane the Zoo Keeper exercises Hank the Hippo.
Hank the Hippo roams.
Zane the Zoo Keeper exercises Heather the Hippo.
Heather the Hippo roams.
Zane the Zoo Keeper exercises Lilly the Lion.
Lilly the Lion roams.
Zane the Zoo Keeper exercises Larry the Lion.
Larry the Lion roams.
Zane the Zoo Keeper exercises Tony the Tiger.
Tony the Tiger stalks.
Zane the Zoo Keeper exercises Tiffany the Tiger.
Tiffany the Tiger stalks.
Zane the Zoo Keeper exercises Ralphie the Rhino.
Ralphie the Rhino roams.
Zane the Zoo Keeper exercises Rahil the Rhino.
Rahil the Rhino roams.
Zane the Zoo Keeper exercises Walter the Wolf.
Walter the Wolf roams.
Zane the Zoo Keeper exercises Wendy the Wolf.
Wendy the Wolf roams.
Zane the Zoo Keeper exercises Benjamin the Buffalo.
Benjamin the Buffalo headbutts.
Zane the Zoo Keeper exercises Brian the Buffalo.
Brian the Buffalo roams.
Zane the Zoo Keeper exercises Yasmeen the Yak.
Yasmeen the Yak headbutts.
Zane the Zoo Keeper exercises Yolanda the Yak.
Yolanda the Yak roams.
Zane the Zoo Keeper puts the animals they are responsible for to sleep.
Zane the Zoo Keeper puts Charlie the Cat to sleep.
Charlie the Cat roams.
Zane the Zoo Keeper puts Chloe the Cat to sleep.
Chloe the Cat purrrrs.
Zane the Zoo Keeper puts Daniel the Dog to sleep.
Daniel the Dog sleeps.
Zane the Zoo Keeper puts Dustin the Dog to sleep.
Dustin the Dog sleeps.
Zane the Zoo Keeper puts Ellen the Elephant to sleep.
Ellen the Elephant sleeps.
Zane the Zoo Keeper puts Eliana the Elephant to sleep.
Eliana the Elephant sleeps.
Zane the Zoo Keeper puts Hank the Hippo to sleep.
Hank the Hippo sleeps.
Zane the Zoo Keeper puts Heather the Hippo to sleep.
Heather the Hippo sleeps.
Zane the Zoo Keeper puts Lilly the Lion to sleep.
Lilly the Lion sleeps.
Zane the Zoo Keeper puts Larry the Lion to sleep.
Larry the Lion sleeps.
Zane the Zoo Keeper puts Tony the Tiger to sleep.
Tony the Tiger chuffs.
Zane the Zoo Keeper puts Tiffany the Tiger to sleep.
Tiffany the Tiger chuffs.
Zane the Zoo Keeper puts Ralphie the Rhino to sleep.
Ralphie the Rhino sleeps.
Zane the Zoo Keeper puts Rahil the Rhino to sleep.
Rahil the Rhino sleeps.
Zane the Zoo Keeper puts Walter the Wolf to sleep.
Walter the Wolf sleeps.
Zane the Zoo Keeper puts Wendy the Wolf to sleep.
Wendy the Wolf sleeps.
Zane the Zoo Keeper puts Benjamin the Buffalo to sleep.
Benjamin the Buffalo sleeps.
Zane the Zoo Keeper puts Brian the Buffalo to sleep.
Brian the Buffalo sleeps.
Zane the Zoo Keeper puts Yasmeen the Yak to sleep.
Yasmeen the Yak sleeps.
Zane the Zoo Keeper puts Yolanda the Yak to sleep.
Yolanda the Yak sleeps.
Zane the Zoo Keeper leaves the zoo on day 1.
~~~~~~~~~~~~~~~~~ Day 2 ~~~~~~~~~~~~~~~~~
Zane the Zoo Keeper arrives at the zoo on day 2.
Zane the Zoo Keeper wakes up the animals they are responsible for.
Zane the Zoo Keeper wakes up Charlie the Cat.
Charlie the Cat wakes up.
Zane the Zoo Keeper wakes up Chloe the Cat.
Chloe the Cat wakes up.
Zane the Zoo Keeper wakes up Daniel the Dog.
Daniel the Dog wakes up.
Zane the Zoo Keeper wakes up Dustin the Dog.
Dustin the Dog wakes up.
Zane the Zoo Keeper wakes up Ellen the Elephant.
Ellen the Elephant wakes up.
Zane the Zoo Keeper wakes up Eliana the Elephant.
Eliana the Elephant wakes up.
Zane the Zoo Keeper wakes up Hank the Hippo.
Hank the Hippo wakes up.
Zane the Zoo Keeper wakes up Heather the Hippo.
Heather the Hippo wakes up.
Zane the Zoo Keeper wakes up Lilly the Lion.
Lilly the Lion wakes up.
Zane the Zoo Keeper wakes up Larry the Lion.
Larry the Lion wakes up.
Zane the Zoo Keeper wakes up Tony the Tiger.
Tony the Tiger wakes up.
Zane the Zoo Keeper wakes up Tiffany the Tiger.
Tiffany the Tiger wakes up.
Zane the Zoo Keeper wakes up Ralphie the Rhino.
Ralphie the Rhino wakes up.
Zane the Zoo Keeper wakes up Rahil the Rhino.
Rahil the Rhino wakes up.
Zane the Zoo Keeper wakes up Walter the Wolf.
Walter the Wolf wakes up.
Zane the Zoo Keeper wakes up Wendy the Wolf.
Wendy the Wolf wakes up.
Zane the Zoo Keeper wakes up Benjamin the Buffalo.
Benjamin the Buffalo wakes up.
Zane the Zoo Keeper wakes up Brian the Buffalo.
Brian the Buffalo wakes up.
Zane the Zoo Keeper wakes up Yasmeen the Yak.
Yasmeen the Yak wakes up.
Zane the Zoo Keeper wakes up Yolanda the Yak.
Yolanda the Yak wakes up.
Zane the Zoo Keeper roll calls the animals they are responsible for.
Zane the Zoo Keeper roll calls Charlie the Cat.
Charlie the Cat purrrrs.
Zane the Zoo Keeper roll calls Chloe the Cat.
Chloe the Cat purrrrs.
Zane the Zoo Keeper roll calls Daniel the Dog.
Daniel the Dog woof.
Zane the Zoo Keeper roll calls Dustin the Dog.
Dustin the Dog woof.
Zane the Zoo Keeper roll calls Ellen the Elephant.
Ellen the Elephant Elllll.
Zane the Zoo Keeper roll calls Eliana the Elephant.
Eliana the Elephant Elllll.
Zane the Zoo Keeper roll calls Hank the Hippo.
Hank the Hippo Hipppp.
Zane the Zoo Keeper roll calls Heather the Hippo.
Heather the Hippo Hipppp.
Zane the Zoo Keeper roll calls Lilly the Lion.
Lilly the Lion roars.
Zane the Zoo Keeper roll calls Larry the Lion.
Larry the Lion roars.
Zane the Zoo Keeper roll calls Tony the Tiger.
Tony the Tiger chuffs.
Zane the Zoo Keeper roll calls Tiffany the Tiger.
Tiffany the Tiger chuffs.
Zane the Zoo Keeper roll calls Ralphie the Rhino.
Ralphie the Rhino Rhiiiii.
Zane the Zoo Keeper roll calls Rahil the Rhino.
Rahil the Rhino Rhiiiii.
Zane the Zoo Keeper roll calls Walter the Wolf.
Walter the Wolf awoo.
Zane the Zoo Keeper roll calls Wendy the Wolf.
Wendy the Wolf awoo.
Zane the Zoo Keeper roll calls Benjamin the Buffalo.
Benjamin the Buffalo buff.
Zane the Zoo Keeper roll calls Brian the Buffalo.
Brian the Buffalo buff.
Zane the Zoo Keeper roll calls Yasmeen the Yak.
Yasmeen the Yak yak.
Zane the Zoo Keeper roll calls Yolanda the Yak.
Yolanda the Yak yak.
Zane the Zoo Keeper feeds the animals they are responsible for.
Zane the Zoo Keeper feeds Charlie the Cat.
Charlie the Cat eats.
Zane the Zoo Keeper feeds Chloe the Cat.
Chloe the Cat eats.
Zane the Zoo Keeper feeds Daniel the Dog.
Daniel the Dog scarfs down its food.
Zane the Zoo Keeper feeds Dustin the Dog.
Dustin the Dog scarfs down its food.
Zane the Zoo Keeper feeds Ellen the Elephant.
Ellen the Elephant eats.
Zane the Zoo Keeper feeds Eliana the Elephant.
Eliana the Elephant eats.
Zane the Zoo Keeper feeds Hank the Hippo.
Hank the Hippo eats.
Zane the Zoo Keeper feeds Heather the Hippo.
Heather the Hippo eats.
Zane the Zoo Keeper feeds Lilly the Lion.
Lilly the Lion eats.
Zane the Zoo Keeper feeds Larry the Lion.
Larry the Lion eats.
Zane the Zoo Keeper feeds Tony the Tiger.
Tony the Tiger eats.
Zane the Zoo Keeper feeds Tiffany the Tiger.
Tiffany the Tiger eats.
Zane the Zoo Keeper feeds Ralphie the Rhino.
Ralphie the Rhino eats.
Zane the Zoo Keeper feeds Rahil the Rhino.
Rahil the Rhino eats.
Zane the Zoo Keeper feeds Walter the Wolf.
Walter the Wolf scarfs down its food.
Zane the Zoo Keeper feeds Wendy the Wolf.
Wendy the Wolf scarfs down its food.
Zane the Zoo Keeper feeds Benjamin the Buffalo.
Benjamin the Buffalo eats.
Zane the Zoo Keeper feeds Brian the Buffalo.
Brian the Buffalo eats.
Zane the Zoo Keeper feeds Yasmeen the Yak.
Yasmeen the Yak eats.
Zane the Zoo Keeper feeds Yolanda the Yak.
Yolanda the Yak eats.
Zane the Zoo Keeper exercises the animals they are responsible for.
Zane the Zoo Keeper exercises Charlie the Cat.
Charlie the Cat roams.
Zane the Zoo Keeper exercises Chloe the Cat.
Chloe the Cat roams.
Zane the Zoo Keeper exercises Daniel the Dog.
Daniel the Dog roams.
Zane the Zoo Keeper exercises Dustin the Dog.
Dustin the Dog roams.
Zane the Zoo Keeper exercises Ellen the Elephant.
Ellen the Elephant roams.
Zane the Zoo Keeper exercises Eliana the Elephant.
Eliana the Elephant charges.
Zane the Zoo Keeper exercises Hank the Hippo.
Hank the Hippo roams.
Zane the Zoo Keeper exercises Heather the Hippo.
Heather the Hippo charges.
Zane the Zoo Keeper exercises Lilly the Lion.
Lilly the Lion roams.
Zane the Zoo Keeper exercises Larry the Lion.
Larry the Lion roams.
Zane the Zoo Keeper exercises Tony the Tiger.
Tony the Tiger stalks.
Zane the Zoo Keeper exercises Tiffany the Tiger.
Tiffany the Tiger stalks.
Zane the Zoo Keeper exercises Ralphie the Rhino.
Ralphie the Rhino roams.
Zane the Zoo Keeper exercises Rahil the Rhino.
Rahil the Rhino charges.
Zane the Zoo Keeper exercises Walter the Wolf.
Walter the Wolf roams.
Zane the Zoo Keeper exercises Wendy the Wolf.
Wendy the Wolf roams.
Zane the Zoo Keeper exercises Benjamin the Buffalo.
Benjamin the Buffalo headbutts.
Zane the Zoo Keeper exercises Brian the Buffalo.
Brian the Buffalo headbutts.
Zane the Zoo Keeper exercises Yasmeen the Yak.
Yasmeen the Yak headbutts.
Zane the Zoo Keeper exercises Yolanda the Yak.
Yolanda the Yak headbutts.
Zane the Zoo Keeper puts the animals they are responsible for to sleep.
Zane the Zoo Keeper puts Charlie the Cat to sleep.
Charlie the Cat sleeps.
Zane the Zoo Keeper puts Chloe the Cat to sleep.
Chloe the Cat sleeps.
Zane the Zoo Keeper puts Daniel the Dog to sleep.
Daniel the Dog sleeps.
Zane the Zoo Keeper puts Dustin the Dog to sleep.
Dustin the Dog sleeps.
Zane the Zoo Keeper puts Ellen the Elephant to sleep.
Ellen the Elephant sleeps.
Zane the Zoo Keeper puts Eliana the Elephant to sleep.
Eliana the Elephant sleeps.
Zane the Zoo Keeper puts Hank the Hippo to sleep.
Hank the Hippo sleeps.
Zane the Zoo Keeper puts Heather the Hippo to sleep.
Heather the Hippo sleeps.
Zane the Zoo Keeper puts Lilly the Lion to sleep.
Lilly the Lion sleeps.
Zane the Zoo Keeper puts Larry the Lion to sleep.
Larry the Lion roams.
Zane the Zoo Keeper puts Tony the Tiger to sleep.
Tony the Tiger stalks.
Zane the Zoo Keeper puts Tiffany the Tiger to sleep.
Tiffany the Tiger sleeps.
Zane the Zoo Keeper puts Ralphie the Rhino to sleep.
Ralphie the Rhino sleeps.
Zane the Zoo Keeper puts Rahil the Rhino to sleep.
Rahil the Rhino sleeps.
Zane the Zoo Keeper puts Walter the Wolf to sleep.
Walter the Wolf sleeps.
Zane the Zoo Keeper puts Wendy the Wolf to sleep.
Wendy the Wolf sleeps.
Zane the Zoo Keeper puts Benjamin the Buffalo to sleep.
Benjamin the Buffalo sleeps.
Zane the Zoo Keeper puts Brian the Buffalo to sleep.
Brian the Buffalo sleeps.
Zane the Zoo Keeper puts Yasmeen the Yak to sleep.
Yasmeen the Yak sleeps.
Zane the Zoo Keeper puts Yolanda the Yak to sleep.
Yolanda the Yak sleeps.
Zane the Zoo Keeper leaves the zoo on day 2.
~~~~~~~~~~~~~~~~~ Day 3 ~~~~~~~~~~~~~~~~~
Zane the Zoo Keeper arrives at the zoo on day 3.
Zane the Zoo Keeper wakes up the animals they are responsible for.
Zane the Zoo Keeper wakes up Charlie the Cat.
Charlie the Cat wakes up.
Zane the Zoo Keeper wakes up Chloe the Cat.
Chloe the Cat wakes up.
Zane the Zoo Keeper wakes up Daniel the Dog.
Daniel the Dog wakes up.
Zane the Zoo Keeper wakes up Dustin the Dog.
Dustin the Dog wakes up.
Zane the Zoo Keeper wakes up Ellen the Elephant.
Ellen the Elephant wakes up.
Zane the Zoo Keeper wakes up Eliana the Elephant.
Eliana the Elephant wakes up.
Zane the Zoo Keeper wakes up Hank the Hippo.
Hank the Hippo wakes up.
Zane the Zoo Keeper wakes up Heather the Hippo.
Heather the Hippo wakes up.
Zane the Zoo Keeper wakes up Lilly the Lion.
Lilly the Lion wakes up.
Zane the Zoo Keeper wakes up Larry the Lion.
Larry the Lion wakes up.
Zane the Zoo Keeper wakes up Tony the Tiger.
Tony the Tiger wakes up.
Zane the Zoo Keeper wakes up Tiffany the Tiger.
Tiffany the Tiger wakes up.
Zane the Zoo Keeper wakes up Ralphie the Rhino.
Ralphie the Rhino wakes up.
Zane the Zoo Keeper wakes up Rahil the Rhino.
Rahil the Rhino wakes up.
Zane the Zoo Keeper wakes up Walter the Wolf.
Walter the Wolf wakes up.
Zane the Zoo Keeper wakes up Wendy the Wolf.
Wendy the Wolf wakes up.
Zane the Zoo Keeper wakes up Benjamin the Buffalo.
Benjamin the Buffalo wakes up.
Zane the Zoo Keeper wakes up Brian the Buffalo.
Brian the Buffalo wakes up.
Zane the Zoo Keeper wakes up Yasmeen the Yak.
Yasmeen the Yak wakes up.
Zane the Zoo Keeper wakes up Yolanda the Yak.
Yolanda the Yak wakes up.
Zane the Zoo Keeper roll calls the animals they are responsible for.
Zane the Zoo Keeper roll calls Charlie the Cat.
Charlie the Cat purrrrs.
Zane the Zoo Keeper roll calls Chloe the Cat.
Chloe the Cat purrrrs.
Zane the Zoo Keeper roll calls Daniel the Dog.
Daniel the Dog woof.
Zane the Zoo Keeper roll calls Dustin the Dog.
Dustin the Dog woof.
Zane the Zoo Keeper roll calls Ellen the Elephant.
Ellen the Elephant Elllll.
Zane the Zoo Keeper roll calls Eliana the Elephant.
Eliana the Elephant Elllll.
Zane the Zoo Keeper roll calls Hank the Hippo.
Hank the Hippo Hipppp.
Zane the Zoo Keeper roll calls Heather the Hippo.
Heather the Hippo Hipppp.
Zane the Zoo Keeper roll calls Lilly the Lion.
Lilly the Lion roars.
Zane the Zoo Keeper roll calls Larry the Lion.
Larry the Lion roars.
Zane the Zoo Keeper roll calls Tony the Tiger.
Tony the Tiger chuffs.
Zane the Zoo Keeper roll calls Tiffany the Tiger.
Tiffany the Tiger chuffs.
Zane the Zoo Keeper roll calls Ralphie the Rhino.
Ralphie the Rhino Rhiiiii.
Zane the Zoo Keeper roll calls Rahil the Rhino.
Rahil the Rhino Rhiiiii.
Zane the Zoo Keeper roll calls Walter the Wolf.
Walter the Wolf awoo.
Zane the Zoo Keeper roll calls Wendy the Wolf.
Wendy the Wolf awoo.
Zane the Zoo Keeper roll calls Benjamin the Buffalo.
Benjamin the Buffalo buff.
Zane the Zoo Keeper roll calls Brian the Buffalo.
Brian the Buffalo buff.
Zane the Zoo Keeper roll calls Yasmeen the Yak.
Yasmeen the Yak yak.
Zane the Zoo Keeper roll calls Yolanda the Yak.
Yolanda the Yak yak.
Zane the Zoo Keeper feeds the animals they are responsible for.
Zane the Zoo Keeper feeds Charlie the Cat.
Charlie the Cat eats.
Zane the Zoo Keeper feeds Chloe the Cat.
Chloe the Cat eats.
Zane the Zoo Keeper feeds Daniel the Dog.
Daniel the Dog scarfs down its food.
Zane the Zoo Keeper feeds Dustin the Dog.
Dustin the Dog scarfs down its food.
Zane the Zoo Keeper feeds Ellen the Elephant.
Ellen the Elephant eats.
Zane the Zoo Keeper feeds Eliana the Elephant.
Eliana the Elephant eats.
Zane the Zoo Keeper feeds Hank the Hippo.
Hank the Hippo eats.
Zane the Zoo Keeper feeds Heather the Hippo.
Heather the Hippo eats.
Zane the Zoo Keeper feeds Lilly the Lion.
Lilly the Lion eats.
Zane the Zoo Keeper feeds Larry the Lion.
Larry the Lion eats.
Zane the Zoo Keeper feeds Tony the Tiger.
Tony the Tiger eats.
Zane the Zoo Keeper feeds Tiffany the Tiger.
Tiffany the Tiger eats.
Zane the Zoo Keeper feeds Ralphie the Rhino.
Ralphie the Rhino eats.
Zane the Zoo Keeper feeds Rahil the Rhino.
Rahil the Rhino eats.
Zane the Zoo Keeper feeds Walter the Wolf.
Walter the Wolf scarfs down its food.
Zane the Zoo Keeper feeds Wendy the Wolf.
Wendy the Wolf scarfs down its food.
Zane the Zoo Keeper feeds Benjamin the Buffalo.
Benjamin the Buffalo eats.
Zane the Zoo Keeper feeds Brian the Buffalo.
Brian the Buffalo eats.
Zane the Zoo Keeper feeds Yasmeen the Yak.
Yasmeen the Yak eats.
Zane the Zoo Keeper feeds Yolanda the Yak.
Yolanda the Yak eats.
Zane the Zoo Keeper exercises the animals they are responsible for.
Zane the Zoo Keeper exercises Charlie the Cat.
Charlie the Cat roams.
Zane the Zoo Keeper exercises Chloe the Cat.
Chloe the Cat roams.
Zane the Zoo Keeper exercises Daniel the Dog.
Daniel the Dog digs.
Zane the Zoo Keeper exercises Dustin the Dog.
Dustin the Dog roams.
Zane the Zoo Keeper exercises Ellen the Elephant.
Ellen the Elephant roams.
Zane the Zoo Keeper exercises Eliana the Elephant.
Eliana the Elephant roams.
Zane the Zoo Keeper exercises Hank the Hippo.
Hank the Hippo charges.
Zane the Zoo Keeper exercises Heather the Hippo.
Heather the Hippo roams.
Zane the Zoo Keeper exercises Lilly the Lion.
Lilly the Lion roams.
Zane the Zoo Keeper exercises Larry the Lion.
Larry the Lion roams.
Zane the Zoo Keeper exercises Tony the Tiger.
Tony the Tiger stalks.
Zane the Zoo Keeper exercises Tiffany the Tiger.
Tiffany the Tiger stalks.
Zane the Zoo Keeper exercises Ralphie the Rhino.
Ralphie the Rhino roams.
Zane the Zoo Keeper exercises Rahil the Rhino.
Rahil the Rhino roams.
Zane the Zoo Keeper exercises Walter the Wolf.
Walter the Wolf roams.
Zane the Zoo Keeper exercises Wendy the Wolf.
Wendy the Wolf roams.
Zane the Zoo Keeper exercises Benjamin the Buffalo.
Benjamin the Buffalo roams.
Zane the Zoo Keeper exercises Brian the Buffalo.
Brian the Buffalo headbutts.
Zane the Zoo Keeper exercises Yasmeen the Yak.
Yasmeen the Yak headbutts.
Zane the Zoo Keeper exercises Yolanda the Yak.
Yolanda the Yak roams.
Zane the Zoo Keeper puts the animals they are responsible for to sleep.
Zane the Zoo Keeper puts Charlie the Cat to sleep.
Charlie the Cat roams.
Zane the Zoo Keeper puts Chloe the Cat to sleep.
Chloe the Cat roams.
Zane the Zoo Keeper puts Daniel the Dog to sleep.
Daniel the Dog sleeps.
Zane the Zoo Keeper puts Dustin the Dog to sleep.
Dustin the Dog sleeps.
Zane the Zoo Keeper puts Ellen the Elephant to sleep.
Ellen the Elephant sleeps.
Zane the Zoo Keeper puts Eliana the Elephant to sleep.
Eliana the Elephant sleeps.
Zane the Zoo Keeper puts Hank the Hippo to sleep.
Hank the Hippo sleeps.
Zane the Zoo Keeper puts Heather the Hippo to sleep.
Heather the Hippo sleeps.
Zane the Zoo Keeper puts Lilly the Lion to sleep.
Lilly the Lion roars.
Zane the Zoo Keeper puts Larry the Lion to sleep.
Larry the Lion roars.
Zane the Zoo Keeper puts Tony the Tiger to sleep.
Tony the Tiger sleeps.
Zane the Zoo Keeper puts Tiffany the Tiger to sleep.
Tiffany the Tiger chuffs.
Zane the Zoo Keeper puts Ralphie the Rhino to sleep.
Ralphie the Rhino sleeps.
Zane the Zoo Keeper puts Rahil the Rhino to sleep.
Rahil the Rhino sleeps.
Zane the Zoo Keeper puts Walter the Wolf to sleep.
Walter the Wolf sleeps.
Zane the Zoo Keeper puts Wendy the Wolf to sleep.
Wendy the Wolf sleeps.
Zane the Zoo Keeper puts Benjamin the Buffalo to sleep.
Benjamin the Buffalo sleeps.
Zane the Zoo Keeper puts Brian the Buffalo to sleep.
Brian the Buffalo sleeps.
Zane the Zoo Keeper puts Yasmeen the Yak to sleep.
Yasmeen the Yak sleeps.
Zane the Zoo Keeper puts Yolanda the Yak to sleep.
Yolanda the Yak sleeps.
Zane the Zoo Keeper leaves the zoo on day 3.
~~~~~~~~~~~~~~~~~ Day 4 ~~~~~~~~~~~~~~~~~
Zane the Zoo Keeper arrives at the zoo on day 4.
Zane the Zoo Keeper wakes up the animals they are responsible for.
Zane the Zoo Keeper wakes up Charlie the Cat.
Charlie the Cat wakes up.
Zane the Zoo Keeper wakes up Chloe the Cat.
Chloe the Cat wakes up.
Zane the Zoo Keeper wakes up Daniel the Dog.
Daniel the Dog wakes up.
Zane the Zoo Keeper wakes up Dustin the Dog.
Dustin the Dog wakes up.
Zane the Zoo Keeper wakes up Ellen the Elephant.
Ellen the Elephant wakes up.
Zane the Zoo Keeper wakes up Eliana the Elephant.
Eliana the Elephant wakes up.
Zane the Zoo Keeper wakes up Hank the Hippo.
Hank the Hippo wakes up.
Zane the Zoo Keeper wakes up Heather the Hippo.
Heather the Hippo wakes up.
Zane the Zoo Keeper wakes up Lilly the Lion.
Lilly the Lion wakes up.
Zane the Zoo Keeper wakes up Larry the Lion.
Larry the Lion wakes up.
Zane the Zoo Keeper wakes up Tony the Tiger.
Tony the Tiger wakes up.
Zane the Zoo Keeper wakes up Tiffany the Tiger.
Tiffany the Tiger wakes up.
Zane the Zoo Keeper wakes up Ralphie the Rhino.
Ralphie the Rhino wakes up.
Zane the Zoo Keeper wakes up Rahil the Rhino.
Rahil the Rhino wakes up.
Zane the Zoo Keeper wakes up Walter the Wolf.
Walter the Wolf wakes up.
Zane the Zoo Keeper wakes up Wendy the Wolf.
Wendy the Wolf wakes up.
Zane the Zoo Keeper wakes up Benjamin the Buffalo.
Benjamin the Buffalo wakes up.
Zane the Zoo Keeper wakes up Brian the Buffalo.
Brian the Buffalo wakes up.
Zane the Zoo Keeper wakes up Yasmeen the Yak.
Yasmeen the Yak wakes up.
Zane the Zoo Keeper wakes up Yolanda the Yak.
Yolanda the Yak wakes up.
Zane the Zoo Keeper roll calls the animals they are responsible for.
Zane the Zoo Keeper roll calls Charlie the Cat.
Charlie the Cat purrrrs.
Zane the Zoo Keeper roll calls Chloe the Cat.
Chloe the Cat purrrrs.
Zane the Zoo Keeper roll calls Daniel the Dog.
Daniel the Dog woof.
Zane the Zoo Keeper roll calls Dustin the Dog.
Dustin the Dog woof.
Zane the Zoo Keeper roll calls Ellen the Elephant.
Ellen the Elephant Elllll.
Zane the Zoo Keeper roll calls Eliana the Elephant.
Eliana the Elephant Elllll.
Zane the Zoo Keeper roll calls Hank the Hippo.
Hank the Hippo Hipppp.
Zane the Zoo Keeper roll calls Heather the Hippo.
Heather the Hippo Hipppp.
Zane the Zoo Keeper roll calls Lilly the Lion.
Lilly the Lion roars.
Zane the Zoo Keeper roll calls Larry the Lion.
Larry the Lion roars.
Zane the Zoo Keeper roll calls Tony the Tiger.
Tony the Tiger chuffs.
Zane the Zoo Keeper roll calls Tiffany the Tiger.
Tiffany the Tiger chuffs.
Zane the Zoo Keeper roll calls Ralphie the Rhino.
Ralphie the Rhino Rhiiiii.
Zane the Zoo Keeper roll calls Rahil the Rhino.
Rahil the Rhino Rhiiiii.
Zane the Zoo Keeper roll calls Walter the Wolf.
Walter the Wolf awoo.
Zane the Zoo Keeper roll calls Wendy the Wolf.
Wendy the Wolf awoo.
Zane the Zoo Keeper roll calls Benjamin the Buffalo.
Benjamin the Buffalo buff.
Zane the Zoo Keeper roll calls Brian the Buffalo.
Brian the Buffalo buff.
Zane the Zoo Keeper roll calls Yasmeen the Yak.
Yasmeen the Yak yak.
Zane the Zoo Keeper roll calls Yolanda the Yak.
Yolanda the Yak yak.
Zane the Zoo Keeper feeds the animals they are responsible for.
Zane the Zoo Keeper feeds Charlie the Cat.
Charlie the Cat eats.
Zane the Zoo Keeper feeds Chloe the Cat.
Chloe the Cat eats.
Zane the Zoo Keeper feeds Daniel the Dog.
Daniel the Dog scarfs down its food.
Zane the Zoo Keeper feeds Dustin the Dog.
Dustin the Dog scarfs down its food.
Zane the Zoo Keeper feeds Ellen the Elephant.
Ellen the Elephant eats.
Zane the Zoo Keeper feeds Eliana the Elephant.
Eliana the Elephant eats.
Zane the Zoo Keeper feeds Hank the Hippo.
Hank the Hippo eats.
Zane the Zoo Keeper feeds Heather the Hippo.
Heather the Hippo eats.
Zane the Zoo Keeper feeds Lilly the Lion.
Lilly the Lion eats.
Zane the Zoo Keeper feeds Larry the Lion.
Larry the Lion eats.
Zane the Zoo Keeper feeds Tony the Tiger.
Tony the Tiger eats.
Zane the Zoo Keeper feeds Tiffany the Tiger.
Tiffany the Tiger eats.
Zane the Zoo Keeper feeds Ralphie the Rhino.
Ralphie the Rhino eats.
Zane the Zoo Keeper feeds Rahil the Rhino.
Rahil the Rhino eats.
Zane the Zoo Keeper feeds Walter the Wolf.
Walter the Wolf scarfs down its food.
Zane the Zoo Keeper feeds Wendy the Wolf.
Wendy the Wolf scarfs down its food.
Zane the Zoo Keeper feeds Benjamin the Buffalo.
Benjamin the Buffalo eats.
Zane the Zoo Keeper feeds Brian the Buffalo.
Brian the Buffalo eats.
Zane the Zoo Keeper feeds Yasmeen the Yak.
Yasmeen the Yak eats.
Zane the Zoo Keeper feeds Yolanda the Yak.
Yolanda the Yak eats.
Zane the Zoo Keeper exercises the animals they are responsible for.
Zane the Zoo Keeper exercises Charlie the Cat.
Charlie the Cat roams.
Zane the Zoo Keeper exercises Chloe the Cat.
Chloe the Cat roams.
Zane the Zoo Keeper exercises Daniel the Dog.
Daniel the Dog digs.
Zane the Zoo Keeper exercises Dustin the Dog.
Dustin the Dog roams.
Zane the Zoo Keeper exercises Ellen the Elephant.
Ellen the Elephant roams.
Zane the Zoo Keeper exercises Eliana the Elephant.
Eliana the Elephant roams.
Zane the Zoo Keeper exercises Hank the Hippo.
Hank the Hippo roams.
Zane the Zoo Keeper exercises Heather the Hippo.
Heather the Hippo roams.
Zane the Zoo Keeper exercises Lilly the Lion.
Lilly the Lion roams.
Zane the Zoo Keeper exercises Larry the Lion.
Larry the Lion roams.
Zane the Zoo Keeper exercises Tony the Tiger.
Tony the Tiger stalks.
Zane the Zoo Keeper exercises Tiffany the Tiger.
Tiffany the Tiger stalks.
Zane the Zoo Keeper exercises Ralphie the Rhino.
Ralphie the Rhino roams.
Zane the Zoo Keeper exercises Rahil the Rhino.
Rahil the Rhino roams.
Zane the Zoo Keeper exercises Walter the Wolf.
Walter the Wolf roams.
Zane the Zoo Keeper exercises Wendy the Wolf.
Wendy the Wolf roams.
Zane the Zoo Keeper exercises Benjamin the Buffalo.
Benjamin the Buffalo roams.
Zane the Zoo Keeper exercises Brian the Buffalo.
Brian the Buffalo roams.
Zane the Zoo Keeper exercises Yasmeen the Yak.
Yasmeen the Yak headbutts.
Zane the Zoo Keeper exercises Yolanda the Yak.
Yolanda the Yak headbutts.
Zane the Zoo Keeper puts the animals they are responsible for to sleep.
Zane the Zoo Keeper puts Charlie the Cat to sleep.
Charlie the Cat purrrrs.
Zane the Zoo Keeper puts Chloe the Cat to sleep.
Chloe the Cat sleeps.
Zane the Zoo Keeper puts Daniel the Dog to sleep.
Daniel the Dog sleeps.
Zane the Zoo Keeper puts Dustin the Dog to sleep.
Dustin the Dog sleeps.
Zane the Zoo Keeper puts Ellen the Elephant to sleep.
Ellen the Elephant sleeps.
Zane the Zoo Keeper puts Eliana the Elephant to sleep.
Eliana the Elephant sleeps.
Zane the Zoo Keeper puts Hank the Hippo to sleep.
Hank the Hippo sleeps.
Zane the Zoo Keeper puts Heather the Hippo to sleep.
Heather the Hippo sleeps.
Zane the Zoo Keeper puts Lilly the Lion to sleep.
Lilly the Lion roams.
Zane the Zoo Keeper puts Larry the Lion to sleep.
Larry the Lion roars.
Zane the Zoo Keeper puts Tony the Tiger to sleep.
Tony the Tiger sleeps.
Zane the Zoo Keeper puts Tiffany the Tiger to sleep.
Tiffany the Tiger sleeps.
Zane the Zoo Keeper puts Ralphie the Rhino to sleep.
Ralphie the Rhino sleeps.
Zane the Zoo Keeper puts Rahil the Rhino to sleep.
Rahil the Rhino sleeps.
Zane the Zoo Keeper puts Walter the Wolf to sleep.
Walter the Wolf sleeps.
Zane the Zoo Keeper puts Wendy the Wolf to sleep.
Wendy the Wolf sleeps.
Zane the Zoo Keeper puts Benjamin the Buffalo to sleep.
Benjamin the Buffalo sleeps.
Zane the Zoo Keeper puts Brian the Buffalo to sleep.
Brian the Buffalo sleeps.
Zane the Zoo Keeper puts Yasmeen the Yak to sleep.
Yasmeen the Yak sleeps.
Zane the Zoo Keeper puts Yolanda the Yak to sleep.
Yolanda the Yak sleeps.
Zane the Zoo Keeper leaves the zoo on day 4.
~~~~~~~~~~~~~~~~~ Day 5 ~~~~~~~~~~~~~~~~~
Zane the Zoo Keeper arrives at the zoo on day 5.
Zane the Zoo Keeper wakes up the animals they are responsible for.
Zane the Zoo Keeper wakes up Charlie the Cat.
Charlie the Cat wakes up.
Zane the Zoo Keeper wakes up Chloe the Cat.
Chloe the Cat wakes up.
Zane the Zoo Keeper wakes up Daniel the Dog.
Daniel the Dog wakes up.
Zane the Zoo Keeper wakes up Dustin the Dog.
Dustin the Dog wakes up.
Zane the Zoo Keeper wakes up Ellen the Elephant.
Ellen the Elephant wakes up.
Zane the Zoo Keeper wakes up Eliana the Elephant.
Eliana the Elephant wakes up.
Zane the Zoo Keeper wakes up Hank the Hippo.
Hank the Hippo wakes up.
Zane the Zoo Keeper wakes up Heather the Hippo.
Heather the Hippo wakes up.
Zane the Zoo Keeper wakes up Lilly the Lion.
Lilly the Lion wakes up.
Zane the Zoo Keeper wakes up Larry the Lion.
Larry the Lion wakes up.
Zane the Zoo Keeper wakes up Tony the Tiger.
Tony the Tiger wakes up.
Zane the Zoo Keeper wakes up Tiffany the Tiger.
Tiffany the Tiger wakes up.
Zane the Zoo Keeper wakes up Ralphie the Rhino.
Ralphie the Rhino wakes up.
Zane the Zoo Keeper wakes up Rahil the Rhino.
Rahil the Rhino wakes up.
Zane the Zoo Keeper wakes up Walter the Wolf.
Walter the Wolf wakes up.
Zane the Zoo Keeper wakes up Wendy the Wolf.
Wendy the Wolf wakes up.
Zane the Zoo Keeper wakes up Benjamin the Buffalo.
Benjamin the Buffalo wakes up.
Zane the Zoo Keeper wakes up Brian the Buffalo.
Brian the Buffalo wakes up.
Zane the Zoo Keeper wakes up Yasmeen the Yak.
Yasmeen the Yak wakes up.
Zane the Zoo Keeper wakes up Yolanda the Yak.
Yolanda the Yak wakes up.
Zane the Zoo Keeper roll calls the animals they are responsible for.
Zane the Zoo Keeper roll calls Charlie the Cat.
Charlie the Cat purrrrs.
Zane the Zoo Keeper roll calls Chloe the Cat.
Chloe the Cat purrrrs.
Zane the Zoo Keeper roll calls Daniel the Dog.
Daniel the Dog woof.
Zane the Zoo Keeper roll calls Dustin the Dog.
Dustin the Dog woof.
Zane the Zoo Keeper roll calls Ellen the Elephant.
Ellen the Elephant Elllll.
Zane the Zoo Keeper roll calls Eliana the Elephant.
Eliana the Elephant Elllll.
Zane the Zoo Keeper roll calls Hank the Hippo.
Hank the Hippo Hipppp.
Zane the Zoo Keeper roll calls Heather the Hippo.
Heather the Hippo Hipppp.
Zane the Zoo Keeper roll calls Lilly the Lion.
Lilly the Lion roars.
Zane the Zoo Keeper roll calls Larry the Lion.
Larry the Lion roars.
Zane the Zoo Keeper roll calls Tony the Tiger.
Tony the Tiger chuffs.
Zane the Zoo Keeper roll calls Tiffany the Tiger.
Tiffany the Tiger chuffs.
Zane the Zoo Keeper roll calls Ralphie the Rhino.
Ralphie the Rhino Rhiiiii.
Zane the Zoo Keeper roll calls Rahil the Rhino.
Rahil the Rhino Rhiiiii.
Zane the Zoo Keeper roll calls Walter the Wolf.
Walter the Wolf awoo.
Zane the Zoo Keeper roll calls Wendy the Wolf.
Wendy the Wolf awoo.
Zane the Zoo Keeper roll calls Benjamin the Buffalo.
Benjamin the Buffalo buff.
Zane the Zoo Keeper roll calls Brian the Buffalo.
Brian the Buffalo buff.
Zane the Zoo Keeper roll calls Yasmeen the Yak.
Yasmeen the Yak yak.
Zane the Zoo Keeper roll calls Yolanda the Yak.
Yolanda the Yak yak.
Zane the Zoo Keeper feeds the animals they are responsible for.
Zane the Zoo Keeper feeds Charlie the Cat.
Charlie the Cat eats.
Zane the Zoo Keeper feeds Chloe the Cat.
Chloe the Cat eats.
Zane the Zoo Keeper feeds Daniel the Dog.
Daniel the Dog scarfs down its food.
Zane the Zoo Keeper feeds Dustin the Dog.
Dustin the Dog scarfs down its food.
Zane the Zoo Keeper feeds Ellen the Elephant.
Ellen the Elephant eats.
Zane the Zoo Keeper feeds Eliana the Elephant.
Eliana the Elephant eats.
Zane the Zoo Keeper feeds Hank the Hippo.
Hank the Hippo eats.
Zane the Zoo Keeper feeds Heather the Hippo.
Heather the Hippo eats.
Zane the Zoo Keeper feeds Lilly the Lion.
Lilly the Lion eats.
Zane the Zoo Keeper feeds Larry the Lion.
Larry the Lion eats.
Zane the Zoo Keeper feeds Tony the Tiger.
Tony the Tiger eats.
Zane the Zoo Keeper feeds Tiffany the Tiger.
Tiffany the Tiger eats.
Zane the Zoo Keeper feeds Ralphie the Rhino.
Ralphie the Rhino eats.
Zane the Zoo Keeper feeds Rahil the Rhino.
Rahil the Rhino eats.
Zane the Zoo Keeper feeds Walter the Wolf.
Walter the Wolf scarfs down its food.
Zane the Zoo Keeper feeds Wendy the Wolf.
Wendy the Wolf scarfs down its food.
Zane the Zoo Keeper feeds Benjamin the Buffalo.
Benjamin the Buffalo eats.
Zane the Zoo Keeper feeds Brian the Buffalo.
Brian the Buffalo eats.
Zane the Zoo Keeper feeds Yasmeen the Yak.
Yasmeen the Yak eats.
Zane the Zoo Keeper feeds Yolanda the Yak.
Yolanda the Yak eats.
Zane the Zoo Keeper exercises the animals they are responsible for.
Zane the Zoo Keeper exercises Charlie the Cat.
Charlie the Cat roams.
Zane the Zoo Keeper exercises Chloe the Cat.
Chloe the Cat roams.
Zane the Zoo Keeper exercises Daniel the Dog.
Daniel the Dog roams.
Zane the Zoo Keeper exercises Dustin the Dog.
Dustin the Dog roams.
Zane the Zoo Keeper exercises Ellen the Elephant.
Ellen the Elephant roams.
Zane the Zoo Keeper exercises Eliana the Elephant.
Eliana the Elephant roams.
Zane the Zoo Keeper exercises Hank the Hippo.
Hank the Hippo roams.
Zane the Zoo Keeper exercises Heather the Hippo.
Heather the Hippo roams.
Zane the Zoo Keeper exercises Lilly the Lion.
Lilly the Lion roams.
Zane the Zoo Keeper exercises Larry the Lion.
Larry the Lion roams.
Zane the Zoo Keeper exercises Tony the Tiger.
Tony the Tiger stalks.
Zane the Zoo Keeper exercises Tiffany the Tiger.
Tiffany the Tiger stalks.
Zane the Zoo Keeper exercises Ralphie the Rhino.
Ralphie the Rhino roams.
Zane the Zoo Keeper exercises Rahil the Rhino.
Rahil the Rhino charges.
Zane the Zoo Keeper exercises Walter the Wolf.
Walter the Wolf roams.
Zane the Zoo Keeper exercises Wendy the Wolf.
Wendy the Wolf roams.
Zane the Zoo Keeper exercises Benjamin the Buffalo.
Benjamin the Buffalo headbutts.
Zane the Zoo Keeper exercises Brian the Buffalo.
Brian the Buffalo headbutts.
Zane the Zoo Keeper exercises Yasmeen the Yak.
Yasmeen the Yak headbutts.
Zane the Zoo Keeper exercises Yolanda the Yak.
Yolanda the Yak roams.
Zane the Zoo Keeper puts the animals they are responsible for to sleep.
Zane the Zoo Keeper puts Charlie the Cat to sleep.
Charlie the Cat purrrrs.
Zane the Zoo Keeper puts Chloe the Cat to sleep.
Chloe the Cat purrrrs.
Zane the Zoo Keeper puts Daniel the Dog to sleep.
Daniel the Dog sleeps.
Zane the Zoo Keeper puts Dustin the Dog to sleep.
Dustin the Dog sleeps.
Zane the Zoo Keeper puts Ellen the Elephant to sleep.
Ellen the Elephant sleeps.
Zane the Zoo Keeper puts Eliana the Elephant to sleep.
Eliana the Elephant sleeps.
Zane the Zoo Keeper puts Hank the Hippo to sleep.
Hank the Hippo sleeps.
Zane the Zoo Keeper puts Heather the Hippo to sleep.
Heather the Hippo sleeps.
Zane the Zoo Keeper puts Lilly the Lion to sleep.
Lilly the Lion roars.
Zane the Zoo Keeper puts Larry the Lion to sleep.
Larry the Lion sleeps.
Zane the Zoo Keeper puts Tony the Tiger to sleep.
Tony the Tiger sleeps.
Zane the Zoo Keeper puts Tiffany the Tiger to sleep.
Tiffany the Tiger sleeps.
Zane the Zoo Keeper puts Ralphie the Rhino to sleep.
Ralphie the Rhino sleeps.
Zane the Zoo Keeper puts Rahil the Rhino to sleep.
Rahil the Rhino sleeps.
Zane the Zoo Keeper puts Walter the Wolf to sleep.
Walter the Wolf sleeps.
Zane the Zoo Keeper puts Wendy the Wolf to sleep.
Wendy the Wolf sleeps.
Zane the Zoo Keeper puts Benjamin the Buffalo to sleep.
Benjamin the Buffalo sleeps.
Zane the Zoo Keeper puts Brian the Buffalo to sleep.
Brian the Buffalo sleeps.
Zane the Zoo Keeper puts Yasmeen the Yak to sleep.
Yasmeen the Yak sleeps.
Zane the Zoo Keeper puts Yolanda the Yak to sleep.
Yolanda the Yak sleeps.
Zane the Zoo Keeper leaves the zoo on day 5.
~~~~~~~~~~~~~~~~~ Day 6 ~~~~~~~~~~~~~~~~~
Zane the Zoo Keeper arrives at the zoo on day 6.
Zane the Zoo Keeper wakes up the animals they are responsible for.
Zane the Zoo Keeper wakes up Charlie the Cat.
Charlie the Cat wakes up.
Zane the Zoo Keeper wakes up Chloe the Cat.
Chloe the Cat wakes up.
Zane the Zoo Keeper wakes up Daniel the Dog.
Daniel the Dog wakes up.
Zane the Zoo Keeper wakes up Dustin the Dog.
Dustin the Dog wakes up.
Zane the Zoo Keeper wakes up Ellen the Elephant.
Ellen the Elephant wakes up.
Zane the Zoo Keeper wakes up Eliana the Elephant.
Eliana the Elephant wakes up.
Zane the Zoo Keeper wakes up Hank the Hippo.
Hank the Hippo wakes up.
Zane the Zoo Keeper wakes up Heather the Hippo.
Heather the Hippo wakes up.
Zane the Zoo Keeper wakes up Lilly the Lion.
Lilly the Lion wakes up.
Zane the Zoo Keeper wakes up Larry the Lion.
Larry the Lion wakes up.
Zane the Zoo Keeper wakes up Tony the Tiger.
Tony the Tiger wakes up.
Zane the Zoo Keeper wakes up Tiffany the Tiger.
Tiffany the Tiger wakes up.
Zane the Zoo Keeper wakes up Ralphie the Rhino.
Ralphie the Rhino wakes up.
Zane the Zoo Keeper wakes up Rahil the Rhino.
Rahil the Rhino wakes up.
Zane the Zoo Keeper wakes up Walter the Wolf.
Walter the Wolf wakes up.
Zane the Zoo Keeper wakes up Wendy the Wolf.
Wendy the Wolf wakes up.
Zane the Zoo Keeper wakes up Benjamin the Buffalo.
Benjamin the Buffalo wakes up.
Zane the Zoo Keeper wakes up Brian the Buffalo.
Brian the Buffalo wakes up.
Zane the Zoo Keeper wakes up Yasmeen the Yak.
Yasmeen the Yak wakes up.
Zane the Zoo Keeper wakes up Yolanda the Yak.
Yolanda the Yak wakes up.
Zane the Zoo Keeper roll calls the animals they are responsible for.
Zane the Zoo Keeper roll calls Charlie the Cat.
Charlie the Cat purrrrs.
Zane the Zoo Keeper roll calls Chloe the Cat.
Chloe the Cat purrrrs.
Zane the Zoo Keeper roll calls Daniel the Dog.
Daniel the Dog woof.
Zane the Zoo Keeper roll calls Dustin the Dog.
Dustin the Dog woof.
Zane the Zoo Keeper roll calls Ellen the Elephant.
Ellen the Elephant Elllll.
Zane the Zoo Keeper roll calls Eliana the Elephant.
Eliana the Elephant Elllll.
Zane the Zoo Keeper roll calls Hank the Hippo.
Hank the Hippo Hipppp.
Zane the Zoo Keeper roll calls Heather the Hippo.
Heather the Hippo Hipppp.
Zane the Zoo Keeper roll calls Lilly the Lion.
Lilly the Lion roars.
Zane the Zoo Keeper roll calls Larry the Lion.
Larry the Lion roars.
Zane the Zoo Keeper roll calls Tony the Tiger.
Tony the Tiger chuffs.
Zane the Zoo Keeper roll calls Tiffany the Tiger.
Tiffany the Tiger chuffs.
Zane the Zoo Keeper roll calls Ralphie the Rhino.
Ralphie the Rhino Rhiiiii.
Zane the Zoo Keeper roll calls Rahil the Rhino.
Rahil the Rhino Rhiiiii.
Zane the Zoo Keeper roll calls Walter the Wolf.
Walter the Wolf awoo.
Zane the Zoo Keeper roll calls Wendy the Wolf.
Wendy the Wolf awoo.
Zane the Zoo Keeper roll calls Benjamin the Buffalo.
Benjamin the Buffalo buff.
Zane the Zoo Keeper roll calls Brian the Buffalo.
Brian the Buffalo buff.
Zane the Zoo Keeper roll calls Yasmeen the Yak.
Yasmeen the Yak yak.
Zane the Zoo Keeper roll calls Yolanda the Yak.
Yolanda the Yak yak.
Zane the Zoo Keeper feeds the animals they are responsible for.
Zane the Zoo Keeper feeds Charlie the Cat.
Charlie the Cat eats.
Zane the Zoo Keeper feeds Chloe the Cat.
Chloe the Cat eats.
Zane the Zoo Keeper feeds Daniel the Dog.
Daniel the Dog scarfs down its food.
Zane the Zoo Keeper feeds Dustin the Dog.
Dustin the Dog scarfs down its food.
Zane the Zoo Keeper feeds Ellen the Elephant.
Ellen the Elephant eats.
Zane the Zoo Keeper feeds Eliana the Elephant.
Eliana the Elephant eats.
Zane the Zoo Keeper feeds Hank the Hippo.
Hank the Hippo eats.
Zane the Zoo Keeper feeds Heather the Hippo.
Heather the Hippo eats.
Zane the Zoo Keeper feeds Lilly the Lion.
Lilly the Lion eats.
Zane the Zoo Keeper feeds Larry the Lion.
Larry the Lion eats.
Zane the Zoo Keeper feeds Tony the Tiger.
Tony the Tiger eats.
Zane the Zoo Keeper feeds Tiffany the Tiger.
Tiffany the Tiger eats.
Zane the Zoo Keeper feeds Ralphie the Rhino.
Ralphie the Rhino eats.
Zane the Zoo Keeper feeds Rahil the Rhino.
Rahil the Rhino eats.
Zane the Zoo Keeper feeds Walter the Wolf.
Walter the Wolf scarfs down its food.
Zane the Zoo Keeper feeds Wendy the Wolf.
Wendy the Wolf scarfs down its food.
Zane the Zoo Keeper feeds Benjamin the Buffalo.
Benjamin the Buffalo eats.
Zane the Zoo Keeper feeds Brian the Buffalo.
Brian the Buffalo eats.
Zane the Zoo Keeper feeds Yasmeen the Yak.
Yasmeen the Yak eats.
Zane the Zoo Keeper feeds Yolanda the Yak.
Yolanda the Yak eats.
Zane the Zoo Keeper exercises the animals they are responsible for.
Zane the Zoo Keeper exercises Charlie the Cat.
Charlie the Cat roams.
Zane the Zoo Keeper exercises Chloe the Cat.
Chloe the Cat roams.
Zane the Zoo Keeper exercises Daniel the Dog.
Daniel the Dog roams.
Zane the Zoo Keeper exercises Dustin the Dog.
Dustin the Dog roams.
Zane the Zoo Keeper exercises Ellen the Elephant.
Ellen the Elephant roams.
Zane the Zoo Keeper exercises Eliana the Elephant.
Eliana the Elephant charges.
Zane the Zoo Keeper exercises Hank the Hippo.
Hank the Hippo roams.
Zane the Zoo Keeper exercises Heather the Hippo.
Heather the Hippo roams.
Zane the Zoo Keeper exercises Lilly the Lion.
Lilly the Lion roams.
Zane the Zoo Keeper exercises Larry the Lion.
Larry the Lion roams.
Zane the Zoo Keeper exercises Tony the Tiger.
Tony the Tiger stalks.
Zane the Zoo Keeper exercises Tiffany the Tiger.
Tiffany the Tiger stalks.
Zane the Zoo Keeper exercises Ralphie the Rhino.
Ralphie the Rhino roams.
Zane the Zoo Keeper exercises Rahil the Rhino.
Rahil the Rhino charges.
Zane the Zoo Keeper exercises Walter the Wolf.
Walter the Wolf roams.
Zane the Zoo Keeper exercises Wendy the Wolf.
Wendy the Wolf roams.
Zane the Zoo Keeper exercises Benjamin the Buffalo.
Benjamin the Buffalo roams.
Zane the Zoo Keeper exercises Brian the Buffalo.
Brian the Buffalo headbutts.
Zane the Zoo Keeper exercises Yasmeen the Yak.
Yasmeen the Yak roams.
Zane the Zoo Keeper exercises Yolanda the Yak.
Yolanda the Yak headbutts.
Zane the Zoo Keeper puts the animals they are responsible for to sleep.
Zane the Zoo Keeper puts Charlie the Cat to sleep.
Charlie the Cat purrrrs.
Zane the Zoo Keeper puts Chloe the Cat to sleep.
Chloe the Cat roams.
Zane the Zoo Keeper puts Daniel the Dog to sleep.
Daniel the Dog sleeps.
Zane the Zoo Keeper puts Dustin the Dog to sleep.
Dustin the Dog sleeps.
Zane the Zoo Keeper puts Ellen the Elephant to sleep.
Ellen the Elephant sleeps.
Zane the Zoo Keeper puts Eliana the Elephant to sleep.
Eliana the Elephant sleeps.
Zane the Zoo Keeper puts Hank the Hippo to sleep.
Hank the Hippo sleeps.
Zane the Zoo Keeper puts Heather the Hippo to sleep.
Heather the Hippo sleeps.
Zane the Zoo Keeper puts Lilly the Lion to sleep.
Lilly the Lion roams.
Zane the Zoo Keeper puts Larry the Lion to sleep.
Larry the Lion sleeps.
Zane the Zoo Keeper puts Tony the Tiger to sleep.
Tony the Tiger chuffs.
Zane the Zoo Keeper puts Tiffany the Tiger to sleep.
Tiffany the Tiger chuffs.
Zane the Zoo Keeper puts Ralphie the Rhino to sleep.
Ralphie the Rhino sleeps.
Zane the Zoo Keeper puts Rahil the Rhino to sleep.
Rahil the Rhino sleeps.
Zane the Zoo Keeper puts Walter the Wolf to sleep.
Walter the Wolf sleeps.
Zane the Zoo Keeper puts Wendy the Wolf to sleep.
Wendy the Wolf sleeps.
Zane the Zoo Keeper puts Benjamin the Buffalo to sleep.
Benjamin the Buffalo sleeps.
Zane the Zoo Keeper puts Brian the Buffalo to sleep.
Brian the Buffalo sleeps.
Zane the Zoo Keeper puts Yasmeen the Yak to sleep.
Yasmeen the Yak sleeps.
Zane the Zoo Keeper puts Yolanda the Yak to sleep.
Yolanda the Yak sleeps.
Zane the Zoo Keeper leaves the zoo on day 6.
~~~~~~~~~~~~~~~~~ Day 7 ~~~~~~~~~~~~~~~~~
Zane the Zoo Keeper arrives at the zoo on day 7.
Zane the Zoo Keeper wakes up the animals they are responsible for.
Zane the Zoo Keeper wakes up Charlie the Cat.
Charlie the Cat wakes up.
Zane the Zoo Keeper wakes up Chloe the Cat.
Chloe the Cat wakes up.
Zane the Zoo Keeper wakes up Daniel the Dog.
Daniel the Dog wakes up.
Zane the Zoo Keeper wakes up Dustin the Dog.
Dustin the Dog wakes up.
Zane the Zoo Keeper wakes up Ellen the Elephant.
Ellen the Elephant wakes up.
Zane the Zoo Keeper wakes up Eliana the Elephant.
Eliana the Elephant wakes up.
Zane the Zoo Keeper wakes up Hank the Hippo.
Hank the Hippo wakes up.
Zane the Zoo Keeper wakes up Heather the Hippo.
Heather the Hippo wakes up.
Zane the Zoo Keeper wakes up Lilly the Lion.
Lilly the Lion wakes up.
Zane the Zoo Keeper wakes up Larry the Lion.
Larry the Lion wakes up.
Zane the Zoo Keeper wakes up Tony the Tiger.
Tony the Tiger wakes up.
Zane the Zoo Keeper wakes up Tiffany the Tiger.
Tiffany the Tiger wakes up.
Zane the Zoo Keeper wakes up Ralphie the Rhino.
Ralphie the Rhino wakes up.
Zane the Zoo Keeper wakes up Rahil the Rhino.
Rahil the Rhino wakes up.
Zane the Zoo Keeper wakes up Walter the Wolf.
Walter the Wolf wakes up.
Zane the Zoo Keeper wakes up Wendy the Wolf.
Wendy the Wolf wakes up.
Zane the Zoo Keeper wakes up Benjamin the Buffalo.
Benjamin the Buffalo wakes up.
Zane the Zoo Keeper wakes up Brian the Buffalo.
Brian the Buffalo wakes up.
Zane the Zoo Keeper wakes up Yasmeen the Yak.
Yasmeen the Yak wakes up.
Zane the Zoo Keeper wakes up Yolanda the Yak.
Yolanda the Yak wakes up.
Zane the Zoo Keeper roll calls the animals they are responsible for.
Zane the Zoo Keeper roll calls Charlie the Cat.
Charlie the Cat purrrrs.
Zane the Zoo Keeper roll calls Chloe the Cat.
Chloe the Cat purrrrs.
Zane the Zoo Keeper roll calls Daniel the Dog.
Daniel the Dog woof.
Zane the Zoo Keeper roll calls Dustin the Dog.
Dustin the Dog woof.
Zane the Zoo Keeper roll calls Ellen the Elephant.
Ellen the Elephant Elllll.
Zane the Zoo Keeper roll calls Eliana the Elephant.
Eliana the Elephant Elllll.
Zane the Zoo Keeper roll calls Hank the Hippo.
Hank the Hippo Hipppp.
Zane the Zoo Keeper roll calls Heather the Hippo.
Heather the Hippo Hipppp.
Zane the Zoo Keeper roll calls Lilly the Lion.
Lilly the Lion roars.
Zane the Zoo Keeper roll calls Larry the Lion.
Larry the Lion roars.
Zane the Zoo Keeper roll calls Tony the Tiger.
Tony the Tiger chuffs.
Zane the Zoo Keeper roll calls Tiffany the Tiger.
Tiffany the Tiger chuffs.
Zane the Zoo Keeper roll calls Ralphie the Rhino.
Ralphie the Rhino Rhiiiii.
Zane the Zoo Keeper roll calls Rahil the Rhino.
Rahil the Rhino Rhiiiii.
Zane the Zoo Keeper roll calls Walter the Wolf.
Walter the Wolf awoo.
Zane the Zoo Keeper roll calls Wendy the Wolf.
Wendy the Wolf awoo.
Zane the Zoo Keeper roll calls Benjamin the Buffalo.
Benjamin the Buffalo buff.
Zane the Zoo Keeper roll calls Brian the Buffalo.
Brian the Buffalo buff.
Zane the Zoo Keeper roll calls Yasmeen the Yak.
Yasmeen the Yak yak.
Zane the Zoo Keeper roll calls Yolanda the Yak.
Yolanda the Yak yak.
Zane the Zoo Keeper feeds the animals they are responsible for.
Zane the Zoo Keeper feeds Charlie the Cat.
Charlie the Cat eats.
Zane the Zoo Keeper feeds Chloe the Cat.
Chloe the Cat eats.
Zane the Zoo Keeper feeds Daniel the Dog.
Daniel the Dog scarfs down its food.
Zane the Zoo Keeper feeds Dustin the Dog.
Dustin the Dog scarfs down its food.
Zane the Zoo Keeper feeds Ellen the Elephant.
Ellen the Elephant eats.
Zane the Zoo Keeper feeds Eliana the Elephant.
Eliana the Elephant eats.
Zane the Zoo Keeper feeds Hank the Hippo.
Hank the Hippo eats.
Zane the Zoo Keeper feeds Heather the Hippo.
Heather the Hippo eats.
Zane the Zoo Keeper feeds Lilly the Lion.
Lilly the Lion eats.
Zane the Zoo Keeper feeds Larry the Lion.
Larry the Lion eats.
Zane the Zoo Keeper feeds Tony the Tiger.
Tony the Tiger eats.
Zane the Zoo Keeper feeds Tiffany the Tiger.
Tiffany the Tiger eats.
Zane the Zoo Keeper feeds Ralphie the Rhino.
Ralphie the Rhino eats.
Zane the Zoo Keeper feeds Rahil the Rhino.
Rahil the Rhino eats.
Zane the Zoo Keeper feeds Walter the Wolf.
Walter the Wolf scarfs down its food.
Zane the Zoo Keeper feeds Wendy the Wolf.
Wendy the Wolf scarfs down its food.
Zane the Zoo Keeper feeds Benjamin the Buffalo.
Benjamin the Buffalo eats.
Zane the Zoo Keeper feeds Brian the Buffalo.
Brian the Buffalo eats.
Zane the Zoo Keeper feeds Yasmeen the Yak.
Yasmeen the Yak eats.
Zane the Zoo Keeper feeds Yolanda the Yak.
Yolanda the Yak eats.
Zane the Zoo Keeper exercises the animals they are responsible for.
Zane the Zoo Keeper exercises Charlie the Cat.
Charlie the Cat roams.
Zane the Zoo Keeper exercises Chloe the Cat.
Chloe the Cat roams.
Zane the Zoo Keeper exercises Daniel the Dog.
Daniel the Dog roams.
Zane the Zoo Keeper exercises Dustin the Dog.
Dustin the Dog roams.
Zane the Zoo Keeper exercises Ellen the Elephant.
Ellen the Elephant charges.
Zane the Zoo Keeper exercises Eliana the Elephant.
Eliana the Elephant charges.
Zane the Zoo Keeper exercises Hank the Hippo.
Hank the Hippo roams.
Zane the Zoo Keeper exercises Heather the Hippo.
Heather the Hippo roams.
Zane the Zoo Keeper exercises Lilly the Lion.
Lilly the Lion roams.
Zane the Zoo Keeper exercises Larry the Lion.
Larry the Lion roams.
Zane the Zoo Keeper exercises Tony the Tiger.
Tony the Tiger stalks.
Zane the Zoo Keeper exercises Tiffany the Tiger.
Tiffany the Tiger stalks.
Zane the Zoo Keeper exercises Ralphie the Rhino.
Ralphie the Rhino roams.
Zane the Zoo Keeper exercises Rahil the Rhino.
Rahil the Rhino roams.
Zane the Zoo Keeper exercises Walter the Wolf.
Walter the Wolf roams.
Zane the Zoo Keeper exercises Wendy the Wolf.
Wendy the Wolf roams.
Zane the Zoo Keeper exercises Benjamin the Buffalo.
Benjamin the Buffalo roams.
Zane the Zoo Keeper exercises Brian the Buffalo.
Brian the Buffalo roams.
Zane the Zoo Keeper exercises Yasmeen the Yak.
Yasmeen the Yak headbutts.
Zane the Zoo Keeper exercises Yolanda the Yak.
Yolanda the Yak roams.
Zane the Zoo Keeper puts the animals they are responsible for to sleep.
Zane the Zoo Keeper puts Charlie the Cat to sleep.
Charlie the Cat sleeps.
Zane the Zoo Keeper puts Chloe the Cat to sleep.
Chloe the Cat sleeps.
Zane the Zoo Keeper puts Daniel the Dog to sleep.
Daniel the Dog sleeps.
Zane the Zoo Keeper puts Dustin the Dog to sleep.
Dustin the Dog sleeps.
Zane the Zoo Keeper puts Ellen the Elephant to sleep.
Ellen the Elephant sleeps.
Zane the Zoo Keeper puts Eliana the Elephant to sleep.
Eliana the Elephant sleeps.
Zane the Zoo Keeper puts Hank the Hippo to sleep.
Hank the Hippo sleeps.
Zane the Zoo Keeper puts Heather the Hippo to sleep.
Heather the Hippo sleeps.
Zane the Zoo Keeper puts Lilly the Lion to sleep.
Lilly the Lion roars.
Zane the Zoo Keeper puts Larry the Lion to sleep.
Larry the Lion roams.
Zane the Zoo Keeper puts Tony the Tiger to sleep.
Tony the Tiger chuffs.
Zane the Zoo Keeper puts Tiffany the Tiger to sleep.
Tiffany the Tiger stalks.
Zane the Zoo Keeper puts Ralphie the Rhino to sleep.
Ralphie the Rhino sleeps.
Zane the Zoo Keeper puts Rahil the Rhino to sleep.
Rahil the Rhino sleeps.
Zane the Zoo Keeper puts Walter the Wolf to sleep.
Walter the Wolf sleeps.
Zane the Zoo Keeper puts Wendy the Wolf to sleep.
Wendy the Wolf sleeps.
Zane the Zoo Keeper puts Benjamin the Buffalo to sleep.
Benjamin the Buffalo sleeps.
Zane the Zoo Keeper puts Brian the Buffalo to sleep.
Brian the Buffalo sleeps.
Zane the Zoo Keeper puts Yasmeen the Yak to sleep.
Yasmeen the Yak sleeps.
Zane the Zoo Keeper puts Yolanda the Yak to sleep.
Yolanda the Yak sleeps.
Zane the Zoo Keeper leaves the zoo on day 7.
